  Sploit.c
c:\program files (x86)\microsoft visual studio\2017\community\vc\tools\msvc\14.16.27023\include\cstdlib(19): error C2061: syntax error: identifier 'noexcept'
c:\program files (x86)\microsoft visual studio\2017\community\vc\tools\msvc\14.16.27023\include\cstdlib(19): error C2059: syntax error: ';'
c:\program files (x86)\microsoft visual studio\2017\community\vc\tools\msvc\14.16.27023\include\cstdlib(20): error C2449: found '{' at file scope (missing function header?)
c:\program files (x86)\microsoft visual studio\2017\community\vc\tools\msvc\14.16.27023\include\cstdlib(22): error C2059: syntax error: '}'
c:\program files (x86)\microsoft visual studio\2017\community\vc\tools\msvc\14.16.27023\include\cstdlib(29): error C2061: syntax error: identifier 'noexcept'
c:\program files (x86)\microsoft visual studio\2017\community\vc\tools\msvc\14.16.27023\include\cstdlib(29): error C2059: syntax error: ';'
c:\program files (x86)\microsoft visual studio\2017\community\vc\tools\msvc\14.16.27023\include\cstdlib(30): error C2449: found '{' at file scope (missing function header?)
c:\program files (x86)\microsoft visual studio\2017\community\vc\tools\msvc\14.16.27023\include\cstdlib(32): error C2059: syntax error: '}'
c:\program files (x86)\microsoft visual studio\2017\community\vc\tools\msvc\14.16.27023\include\cmath(17): error C2061: syntax error: identifier 'noexcept'
c:\program files (x86)\microsoft visual studio\2017\community\vc\tools\msvc\14.16.27023\include\cmath(17): error C2059: syntax error: ';'
c:\program files (x86)\microsoft visual studio\2017\community\vc\tools\msvc\14.16.27023\include\cmath(18): error C2449: found '{' at file scope (missing function header?)
c:\program files (x86)\microsoft visual studio\2017\community\vc\tools\msvc\14.16.27023\include\cmath(23): error C2059: syntax error: '}'
c:\program files (x86)\microsoft visual studio\2017\community\vc\tools\msvc\14.16.27023\include\cmath(30): error C2061: syntax error: identifier 'noexcept'
c:\program files (x86)\microsoft visual studio\2017\community\vc\tools\msvc\14.16.27023\include\cmath(30): error C2059: syntax error: ';'
c:\program files (x86)\microsoft visual studio\2017\community\vc\tools\msvc\14.16.27023\include\cmath(31): error C2449: found '{' at file scope (missing function header?)
c:\program files (x86)\microsoft visual studio\2017\community\vc\tools\msvc\14.16.27023\include\cmath(33): error C2059: syntax error: '}'
c:\program files (x86)\microsoft visual studio\2017\community\vc\tools\msvc\14.16.27023\include\cmath(40): error C2061: syntax error: identifier 'noexcept'
c:\program files (x86)\microsoft visual studio\2017\community\vc\tools\msvc\14.16.27023\include\cmath(40): error C2059: syntax error: ';'
c:\program files (x86)\microsoft visual studio\2017\community\vc\tools\msvc\14.16.27023\include\cmath(41): error C2449: found '{' at file scope (missing function header?)
c:\program files (x86)\microsoft visual studio\2017\community\vc\tools\msvc\14.16.27023\include\cmath(43): error C2059: syntax error: '}'
c:\program files (x86)\microsoft visual studio\2017\community\vc\tools\msvc\14.16.27023\include\cmath(50): error C2061: syntax error: identifier 'noexcept'
c:\program files (x86)\microsoft visual studio\2017\community\vc\tools\msvc\14.16.27023\include\cmath(50): error C2059: syntax error: ';'
c:\program files (x86)\microsoft visual studio\2017\community\vc\tools\msvc\14.16.27023\include\cmath(51): error C2449: found '{' at file scope (missing function header?)
c:\program files (x86)\microsoft visual studio\2017\community\vc\tools\msvc\14.16.27023\include\cmath(53): error C2059: syntax error: '}'
c:\program files (x86)\microsoft visual studio\2017\community\vc\tools\msvc\14.16.27023\include\cmath(60): error C2061: syntax error: identifier 'noexcept'
c:\program files (x86)\microsoft visual studio\2017\community\vc\tools\msvc\14.16.27023\include\cmath(60): error C2059: syntax error: ';'
c:\program files (x86)\microsoft visual studio\2017\community\vc\tools\msvc\14.16.27023\include\cmath(61): error C2449: found '{' at file scope (missing function header?)
c:\program files (x86)\microsoft visual studio\2017\community\vc\tools\msvc\14.16.27023\include\cmath(63): error C2059: syntax error: '}'
c:\program files (x86)\microsoft visual studio\2017\community\vc\tools\msvc\14.16.27023\include\cmath(71): error C2061: syntax error: identifier 'noexcept'
c:\program files (x86)\microsoft visual studio\2017\community\vc\tools\msvc\14.16.27023\include\cmath(71): error C2059: syntax error: ';'
c:\program files (x86)\microsoft visual studio\2017\community\vc\tools\msvc\14.16.27023\include\cmath(72): error C2449: found '{' at file scope (missing function header?)
c:\program files (x86)\microsoft visual studio\2017\community\vc\tools\msvc\14.16.27023\include\cmath(74): error C2059: syntax error: '}'
c:\program files (x86)\microsoft visual studio\2017\community\vc\tools\msvc\14.16.27023\include\cmath(81): error C2061: syntax error: identifier 'noexcept'
c:\program files (x86)\microsoft visual studio\2017\community\vc\tools\msvc\14.16.27023\include\cmath(81): error C2059: syntax error: ';'
c:\program files (x86)\microsoft visual studio\2017\community\vc\tools\msvc\14.16.27023\include\cmath(82): error C2449: found '{' at file scope (missing function header?)
c:\program files (x86)\microsoft visual studio\2017\community\vc\tools\msvc\14.16.27023\include\cmath(84): error C2059: syntax error: '}'
c:\program files (x86)\microsoft visual studio\2017\community\vc\tools\msvc\14.16.27023\include\cmath(91): error C2061: syntax error: identifier 'noexcept'
c:\program files (x86)\microsoft visual studio\2017\community\vc\tools\msvc\14.16.27023\include\cmath(91): error C2059: syntax error: ';'
c:\program files (x86)\microsoft visual studio\2017\community\vc\tools\msvc\14.16.27023\include\cmath(92): error C2449: found '{' at file scope (missing function header?)
c:\program files (x86)\microsoft visual studio\2017\community\vc\tools\msvc\14.16.27023\include\cmath(94): error C2059: syntax error: '}'
c:\program files (x86)\microsoft visual studio\2017\community\vc\tools\msvc\14.16.27023\include\cmath(101): error C2061: syntax error: identifier 'noexcept'
c:\program files (x86)\microsoft visual studio\2017\community\vc\tools\msvc\14.16.27023\include\cmath(101): error C2059: syntax error: ';'
c:\program files (x86)\microsoft visual studio\2017\community\vc\tools\msvc\14.16.27023\include\cmath(102): error C2449: found '{' at file scope (missing function header?)
c:\program files (x86)\microsoft visual studio\2017\community\vc\tools\msvc\14.16.27023\include\cmath(104): error C2059: syntax error: '}'
c:\program files (x86)\microsoft visual studio\2017\community\vc\tools\msvc\14.16.27023\include\cmath(111): error C2061: syntax error: identifier 'noexcept'
c:\program files (x86)\microsoft visual studio\2017\community\vc\tools\msvc\14.16.27023\include\cmath(111): error C2059: syntax error: ';'
c:\program files (x86)\microsoft visual studio\2017\community\vc\tools\msvc\14.16.27023\include\cmath(112): error C2449: found '{' at file scope (missing function header?)
c:\program files (x86)\microsoft visual studio\2017\community\vc\tools\msvc\14.16.27023\include\cmath(114): error C2059: syntax error: '}'
c:\program files (x86)\microsoft visual studio\2017\community\vc\tools\msvc\14.16.27023\include\cmath(121): error C2061: syntax error: identifier 'noexcept'
c:\program files (x86)\microsoft visual studio\2017\community\vc\tools\msvc\14.16.27023\include\cmath(121): error C2059: syntax error: ';'
c:\program files (x86)\microsoft visual studio\2017\community\vc\tools\msvc\14.16.27023\include\cmath(122): error C2449: found '{' at file scope (missing function header?)
c:\program files (x86)\microsoft visual studio\2017\community\vc\tools\msvc\14.16.27023\include\cmath(124): error C2059: syntax error: '}'
c:\program files (x86)\microsoft visual studio\2017\community\vc\tools\msvc\14.16.27023\include\cmath(132): error C2061: syntax error: identifier 'noexcept'
c:\program files (x86)\microsoft visual studio\2017\community\vc\tools\msvc\14.16.27023\include\cmath(132): error C2059: syntax error: ';'
c:\program files (x86)\microsoft visual studio\2017\community\vc\tools\msvc\14.16.27023\include\cmath(133): error C2449: found '{' at file scope (missing function header?)
c:\program files (x86)\microsoft visual studio\2017\community\vc\tools\msvc\14.16.27023\include\cmath(135): error C2059: syntax error: '}'
c:\program files (x86)\microsoft visual studio\2017\community\vc\tools\msvc\14.16.27023\include\cmath(142): error C2061: syntax error: identifier 'noexcept'
c:\program files (x86)\microsoft visual studio\2017\community\vc\tools\msvc\14.16.27023\include\cmath(142): error C2059: syntax error: ';'
c:\program files (x86)\microsoft visual studio\2017\community\vc\tools\msvc\14.16.27023\include\cmath(143): error C2449: found '{' at file scope (missing function header?)
c:\program files (x86)\microsoft visual studio\2017\community\vc\tools\msvc\14.16.27023\include\cmath(145): error C2059: syntax error: '}'
c:\program files (x86)\microsoft visual studio\2017\community\vc\tools\msvc\14.16.27023\include\cmath(152): error C2061: syntax error: identifier 'noexcept'
c:\program files (x86)\microsoft visual studio\2017\community\vc\tools\msvc\14.16.27023\include\cmath(152): error C2059: syntax error: ';'
c:\program files (x86)\microsoft visual studio\2017\community\vc\tools\msvc\14.16.27023\include\cmath(153): error C2449: found '{' at file scope (missing function header?)
c:\program files (x86)\microsoft visual studio\2017\community\vc\tools\msvc\14.16.27023\include\cmath(155): error C2059: syntax error: '}'
c:\program files (x86)\microsoft visual studio\2017\community\vc\tools\msvc\14.16.27023\include\cmath(162): error C2061: syntax error: identifier 'noexcept'
c:\program files (x86)\microsoft visual studio\2017\community\vc\tools\msvc\14.16.27023\include\cmath(162): error C2059: syntax error: ';'
c:\program files (x86)\microsoft visual studio\2017\community\vc\tools\msvc\14.16.27023\include\cmath(163): error C2449: found '{' at file scope (missing function header?)
c:\program files (x86)\microsoft visual studio\2017\community\vc\tools\msvc\14.16.27023\include\cmath(165): error C2059: syntax error: '}'
c:\program files (x86)\microsoft visual studio\2017\community\vc\tools\msvc\14.16.27023\include\cmath(172): error C2061: syntax error: identifier 'noexcept'
c:\program files (x86)\microsoft visual studio\2017\community\vc\tools\msvc\14.16.27023\include\cmath(172): error C2059: syntax error: ';'
c:\program files (x86)\microsoft visual studio\2017\community\vc\tools\msvc\14.16.27023\include\cmath(173): error C2449: found '{' at file scope (missing function header?)
c:\program files (x86)\microsoft visual studio\2017\community\vc\tools\msvc\14.16.27023\include\cmath(175): error C2059: syntax error: '}'
c:\program files (x86)\microsoft visual studio\2017\community\vc\tools\msvc\14.16.27023\include\cmath(182): error C2061: syntax error: identifier 'noexcept'
c:\program files (x86)\microsoft visual studio\2017\community\vc\tools\msvc\14.16.27023\include\cmath(182): error C2059: syntax error: ';'
c:\program files (x86)\microsoft visual studio\2017\community\vc\tools\msvc\14.16.27023\include\cmath(183): error C2449: found '{' at file scope (missing function header?)
c:\program files (x86)\microsoft visual studio\2017\community\vc\tools\msvc\14.16.27023\include\cmath(185): error C2059: syntax error: '}'
c:\program files (x86)\microsoft visual studio\2017\community\vc\tools\msvc\14.16.27023\include\cmath(192): error C2061: syntax error: identifier 'noexcept'
c:\program files (x86)\microsoft visual studio\2017\community\vc\tools\msvc\14.16.27023\include\cmath(192): error C2059: syntax error: ';'
c:\program files (x86)\microsoft visual studio\2017\community\vc\tools\msvc\14.16.27023\include\cmath(193): error C2449: found '{' at file scope (missing function header?)
c:\program files (x86)\microsoft visual studio\2017\community\vc\tools\msvc\14.16.27023\include\cmath(195): error C2059: syntax error: '}'
c:\program files (x86)\microsoft visual studio\2017\community\vc\tools\msvc\14.16.27023\include\cmath(202): error C2061: syntax error: identifier 'noexcept'
c:\program files (x86)\microsoft visual studio\2017\community\vc\tools\msvc\14.16.27023\include\cmath(202): error C2059: syntax error: ';'
c:\program files (x86)\microsoft visual studio\2017\community\vc\tools\msvc\14.16.27023\include\cmath(203): error C2449: found '{' at file scope (missing function header?)
c:\program files (x86)\microsoft visual studio\2017\community\vc\tools\msvc\14.16.27023\include\cmath(205): error C2059: syntax error: '}'
c:\program files (x86)\microsoft visual studio\2017\community\vc\tools\msvc\14.16.27023\include\cmath(212): error C2061: syntax error: identifier 'noexcept'
c:\program files (x86)\microsoft visual studio\2017\community\vc\tools\msvc\14.16.27023\include\cmath(212): error C2059: syntax error: ';'
c:\program files (x86)\microsoft visual studio\2017\community\vc\tools\msvc\14.16.27023\include\cmath(213): error C2449: found '{' at file scope (missing function header?)
c:\program files (x86)\microsoft visual studio\2017\community\vc\tools\msvc\14.16.27023\include\cmath(215): error C2059: syntax error: '}'
c:\program files (x86)\microsoft visual studio\2017\community\vc\tools\msvc\14.16.27023\include\cmath(222): error C2061: syntax error: identifier 'noexcept'
c:\program files (x86)\microsoft visual studio\2017\community\vc\tools\msvc\14.16.27023\include\cmath(222): error C2059: syntax error: ';'
c:\program files (x86)\microsoft visual studio\2017\community\vc\tools\msvc\14.16.27023\include\cmath(223): error C2449: found '{' at file scope (missing function header?)
c:\program files (x86)\microsoft visual studio\2017\community\vc\tools\msvc\14.16.27023\include\cmath(225): error C2059: syntax error: '}'
c:\program files (x86)\microsoft visual studio\2017\community\vc\tools\msvc\14.16.27023\include\cmath(233): error C2061: syntax error: identifier 'noexcept'
c:\program files (x86)\microsoft visual studio\2017\community\vc\tools\msvc\14.16.27023\include\cmath(233): error C2059: syntax error: ';'
c:\program files (x86)\microsoft visual studio\2017\community\vc\tools\msvc\14.16.27023\include\cmath(234): error C2449: found '{' at file scope (missing function header?)
c:\program files (x86)\microsoft visual studio\2017\community\vc\tools\msvc\14.16.27023\include\cmath(236): error C2059: syntax error: '}'
c:\program files (x86)\microsoft visual studio\2017\community\vc\tools\msvc\14.16.27023\include\cmath(244): error C2061: syntax error: identifier 'noexcept'
c:\program files (x86)\microsoft visual studio\2017\community\vc\tools\msvc\14.16.27023\include\cmath(244): error C2059: syntax error: ';'
c:\program files (x86)\microsoft visual studio\2017\community\vc\tools\msvc\14.16.27023\include\cmath(245): error C2449: found '{' at file scope (missing function header?)
c:\program files (x86)\microsoft visual studio\2017\community\vc\tools\msvc\14.16.27023\include\cmath(250): error C2059: syntax error: '}'
c:\program files (x86)\microsoft visual studio\2017\community\vc\tools\msvc\14.16.27023\include\cmath(258): error C2061: syntax error: identifier 'noexcept'
c:\program files (x86)\microsoft visual studio\2017\community\vc\tools\msvc\14.16.27023\include\cmath(258): fatal error C1003: error count exceeds 100; stopping compilation
